<?xml version="1.0" encoding="UTF-8"?>
<coverage generated="1646403593">
  <project timestamp="1646403593">
    <file name="/home/runner/work/headless_bootstrap_package/headless_bootstrap_package/Classes/DataProcessing/CsvFileProcessor.php">
      <class name="FriendsOfTYPO3Headless\HeadlessBootstrapPackage\DataProcessing\CsvFileProcessor" namespace="global">
        <metrics complexity="2" methods="1" coveredmethods="0" conditionals="0" coveredconditionals="0" statements="6" coveredstatements="0" elements="7" coveredelements="0"/>
      </class>
      <line num="21" type="method" name="process" visibility="public" complexity="2" crap="6" count="0"/>
      <line num="23" type="stmt" count="0"/>
      <line num="25" type="stmt" count="0"/>
      <line num="27" type="stmt" count="0"/>
      <line num="38" type="stmt" count="0"/>
      <line num="39" type="stmt" count="0"/>
      <line num="42" type="stmt" count="0"/>
      <metrics loc="44" ncloc="38" classes="1" methods="1" coveredmethods="0" conditionals="0" coveredconditionals="0" statements="6" coveredstatements="0" elements="7" coveredelements="0"/>
    </file>
    <file name="/home/runner/work/headless_bootstrap_package/headless_bootstrap_package/Classes/DataProcessing/IconsDataProcessor.php">
      <class name="FriendsOfTYPO3Headless\HeadlessBootstrapPackage\DataProcessing\IconsDataProcessor" namespace="global">
        <metrics complexity="4" methods="1" coveredmethods="1" conditionals="0" coveredconditionals="0" statements="20" coveredstatements="20" elements="21" coveredelements="21"/>
      </class>
      <line num="22" type="method" name="process" visibility="public" complexity="4" crap="4" count="5"/>
      <line num="24" type="stmt" count="5"/>
      <line num="26" type="stmt" count="5"/>
      <line num="28" type="stmt" count="5"/>
      <line num="30" type="stmt" count="5"/>
      <line num="31" type="stmt" count="5"/>
      <line num="34" type="stmt" count="5"/>
      <line num="36" type="stmt" count="5"/>
      <line num="37" type="stmt" count="5"/>
      <line num="38" type="stmt" count="5"/>
      <line num="39" type="stmt" count="5"/>
      <line num="40" type="stmt" count="5"/>
      <line num="43" type="stmt" count="5"/>
      <line num="45" type="stmt" count="5"/>
      <line num="46" type="stmt" count="5"/>
      <line num="47" type="stmt" count="5"/>
      <line num="48" type="stmt" count="5"/>
      <line num="49" type="stmt" count="5"/>
      <line num="52" type="stmt" count="5"/>
      <line num="55" type="stmt" count="5"/>
      <line num="57" type="stmt" count="5"/>
      <metrics loc="59" ncloc="53" classes="1" methods="1" coveredmethods="1" conditionals="0" coveredconditionals="0" statements="20" coveredstatements="20" elements="21" coveredelements="21"/>
    </file>
    <metrics files="2" loc="103" ncloc="91" classes="2" methods="2" coveredmethods="1" conditionals="0" coveredconditionals="0" statements="26" coveredstatements="20" elements="28" coveredelements="21"/>
  </project>
</coverage>
